Build started 08/02/2014 17:17:03.
     1>Project "C:\Users\James\Documents\Visual Studio 2012\Projects\Sustainable Economy\Sustainable Economy\Sustainable Economy.vcxproj" on node 2 (Build target(s)).
     1>ClCompile:
         C:\Program Files (x86)\Microsoft Visual Studio 11.0\VC\bin\CL.exe /c /ZI /nologo /W3 /WX- /Od /Oy- /D _MBCS /Gm /EHsc /RTC1 /MDd /GS /fp:precise /Zc:wchar_t /Zc:forScope /Fo"Debug\\" /Fd"Debug\vc110.pdb" /Gd /TP /analyze- /errorReport:prompt Main.cpp Player.cpp toolkit.cpp
         toolkit.cpp
     1>c:\users\james\documents\visual studio 2012\projects\sustainable economy\sustainable economy\toolkit.cpp(64): error C2065: 'message' : undeclared identifier
     1>c:\users\james\documents\visual studio 2012\projects\sustainable economy\sustainable economy\toolkit.cpp(65): error C2065: 'background' : undeclared identifier
     1>c:\users\james\documents\visual studio 2012\projects\sustainable economy\sustainable economy\toolkit.cpp(84): error C2065: 'message' : undeclared identifier
     1>c:\users\james\documents\visual studio 2012\projects\sustainable economy\sustainable economy\toolkit.cpp(86): error C2065: 'background' : undeclared identifier
     1>c:\users\james\documents\visual studio 2012\projects\sustainable economy\sustainable economy\toolkit.cpp(87): error C2065: 'message' : undeclared identifier
         Player.cpp
     1>c:\users\james\documents\visual studio 2012\projects\sustainable economy\sustainable economy\player.cpp(3): error C2504: 'Entity' : base class undefined
     1>c:\users\james\documents\visual studio 2012\projects\sustainable economy\sustainable economy\player.cpp(10): fatal error C1004: unexpected end-of-file found
         Main.cpp
     1>c:\users\james\documents\visual studio 2012\projects\sustainable economy\sustainable economy\toolkit.h(9): error C2039: 'string' : is not a member of 'std'
     1>c:\users\james\documents\visual studio 2012\projects\sustainable economy\sustainable economy\toolkit.h(9): error C2065: 'string' : undeclared identifier
     1>c:\users\james\documents\visual studio 2012\projects\sustainable economy\sustainable economy\toolkit.h(9): error C2146: syntax error : missing ')' before identifier 'filename'
     1>c:\users\james\documents\visual studio 2012\projects\sustainable economy\sustainable economy\toolkit.h(9): error C2059: syntax error : ')'
     1>c:\users\james\documents\visual studio 2012\projects\sustainable economy\sustainable economy\main.cpp(5): error C2062: type 'bool' unexpected
     1>c:\users\james\documents\visual studio 2012\projects\sustainable economy\sustainable economy\main.cpp(6): error C2143: syntax error : missing ';' before '{'
     1>c:\users\james\documents\visual studio 2012\projects\sustainable economy\sustainable economy\main.cpp(6): error C2447: '{' : missing function header (old-style formal list?)
     1>c:\users\james\documents\visual studio 2012\projects\sustainable economy\sustainable economy\main.cpp(21): error C2065: 'Game' : undeclared identifier
     1>c:\users\james\documents\visual studio 2012\projects\sustainable economy\sustainable economy\main.cpp(21): error C2146: syntax error : missing ';' before identifier 'game'
     1>c:\users\james\documents\visual studio 2012\projects\sustainable economy\sustainable economy\main.cpp(21): error C3861: 'game': identifier not found
     1>c:\users\james\documents\visual studio 2012\projects\sustainable economy\sustainable economy\main.cpp(23): error C2065: 'game' : undeclared identifier
     1>c:\users\james\documents\visual studio 2012\projects\sustainable economy\sustainable economy\main.cpp(23): error C2228: left of '.running' must have class/struct/union
                 type is ''unknown-type''
     1>c:\users\james\documents\visual studio 2012\projects\sustainable economy\sustainable economy\main.cpp(23): fatal error C1903: unable to recover from previous error(s); stopping compilation
         Generating Code...
     1>Done Building Project "C:\Users\James\Documents\Visual Studio 2012\Projects\Sustainable Economy\Sustainable Economy\Sustainable Economy.vcxproj" (Build target(s)) -- FAILED.

Build FAILED.

Time Elapsed 00:00:01.44
